[2023-04-03 16:56:08] [INFO    ] discord_bot: Loaded extension 'owner'
[2023-04-03 16:56:08] [INFO    ] discord_bot: Loaded extension 'template'
[2023-04-03 16:56:08] [INFO    ] discord_bot: Loaded extension 'general'
[2023-04-03 16:56:10] [INFO    ] discord_bot: Logged in as DSK-Activity-Tracker
[2023-04-03 16:56:10] [INFO    ] discord_bot: discord.py API version: 2.2.2
[2023-04-03 16:56:10] [INFO    ] discord_bot: Python version: 3.11.2
[2023-04-03 16:56:10] [INFO    ] discord_bot: Running on: Darwin 22.3.0 (posix)
[2023-04-03 16:56:10] [INFO    ] discord_bot: -------------------
[2023-04-03 16:56:54] [INFO    ] discord_bot: Executed help command in MikeDarlington's Test Server (ID: 1092451491576565903) by MikeDarlington#1531 (ID: 197062205991157761)
[2023-04-03 17:02:36] [INFO    ] discord_bot: Executed help command in MikeDarlington's Test Server (ID: 1092451491576565903) by MikeDarlington#1531 (ID: 197062205991157761)
[2023-04-03 17:02:44] [INFO    ] discord_bot: Executed serverinfo command in MikeDarlington's Test Server (ID: 1092451491576565903) by MikeDarlington#1531 (ID: 197062205991157761)
[2023-04-03 17:58:34] [INFO    ] discord_bot: Logged in as DSK-Activity-Tracker
[2023-04-03 17:58:34] [INFO    ] discord_bot: discord.py API version: 2.2.2
[2023-04-03 17:58:34] [INFO    ] discord_bot: Python version: 3.11.2
[2023-04-03 17:58:34] [INFO    ] discord_bot: Running on: Darwin 22.3.0 (posix)
[2023-04-03 17:58:34] [INFO    ] discord_bot: -------------------
[2023-04-03 18:09:25] [INFO    ] discord_bot: Logged in as DSK-Activity-Tracker
[2023-04-03 18:09:25] [INFO    ] discord_bot: discord.py API version: 2.2.2
[2023-04-03 18:09:25] [INFO    ] discord_bot: Python version: 3.11.2
[2023-04-03 18:09:25] [INFO    ] discord_bot: Running on: Darwin 22.3.0 (posix)
[2023-04-03 18:09:25] [INFO    ] discord_bot: -------------------
[2023-04-03 18:39:15] [INFO    ] discord_bot: Logged in as DSK-Activity-Tracker
[2023-04-03 18:39:15] [INFO    ] discord_bot: discord.py API version: 2.2.2
[2023-04-03 18:39:15] [INFO    ] discord_bot: Python version: 3.11.2
[2023-04-03 18:39:15] [INFO    ] discord_bot: Running on: Darwin 22.3.0 (posix)
[2023-04-03 18:39:15] [INFO    ] discord_bot: -------------------
[2023-04-03 21:30:00] [INFO    ] discord_bot: Logged in as DSK-Activity-Tracker
[2023-04-03 21:30:00] [INFO    ] discord_bot: discord.py API version: 2.2.2
[2023-04-03 21:30:00] [INFO    ] discord_bot: Python version: 3.11.2
[2023-04-03 21:30:00] [INFO    ] discord_bot: Running on: Darwin 22.3.0 (posix)
[2023-04-03 21:30:00] [INFO    ] discord_bot: -------------------
[2023-04-03 21:45:59] [INFO    ] discord_bot: Logged in as DSK-Activity-Tracker
[2023-04-03 21:45:59] [INFO    ] discord_bot: discord.py API version: 2.2.2
[2023-04-03 21:45:59] [INFO    ] discord_bot: Python version: 3.11.2
[2023-04-03 21:45:59] [INFO    ] discord_bot: Running on: Darwin 22.3.0 (posix)
[2023-04-03 21:45:59] [INFO    ] discord_bot: -------------------
[2023-04-03 22:08:03] [INFO    ] discord_bot: Logged in as DSK-Activity-Tracker
[2023-04-03 22:08:03] [INFO    ] discord_bot: discord.py API version: 2.2.2
[2023-04-03 22:08:03] [INFO    ] discord_bot: Python version: 3.11.2
[2023-04-03 22:08:03] [INFO    ] discord_bot: Running on: Darwin 22.3.0 (posix)
[2023-04-03 22:08:03] [INFO    ] discord_bot: -------------------
[2023-04-04 01:20:52] [INFO    ] discord_bot: Logged in as DSK-Activity-Tracker
[2023-04-04 01:20:52] [INFO    ] discord_bot: discord.py API version: 2.2.2
[2023-04-04 01:20:52] [INFO    ] discord_bot: Python version: 3.11.2
[2023-04-04 01:20:52] [INFO    ] discord_bot: Running on: Darwin 22.3.0 (posix)
[2023-04-04 01:20:52] [INFO    ] discord_bot: -------------------
